<?xml version="1.0" encoding="UTF-8"?>
<!-- Generated by org.testng.reporters.JUnitReportReporter -->
<testsuite hostname="ATUL" failures="0" tests="3" name="testNG.Date7April" time="0.028" errors="0" timestamp="2024-04-08T16:55:12 IST" skipped="1">
  <testcase classname="testNG.Date7April" name="addtocart" time="0.024"/>
  <system-out/>
  <testcase classname="testNG.Date7April" name="forgot" time="0.004"/>
  <system-out/>
  <testcase classname="testNG.Date7April" name="signup">
    <skipped/>
  </testcase> <!-- signup -->
  <system-out/>
</testsuite> <!-- testNG.Date7April -->
