<?xml version="1.0" encoding="UTF-8"?>
<!-- Generated by org.testng.reporters.JUnitReportReporter -->
<testsuite hostname="ATUL" failures="0" tests="1" name="testNG.May3" time="6.437" errors="0" timestamp="2024-05-04T19:07:31 IST" skipped="0">
  <testcase classname="testNG.May3" name="f" time="6.437"/>
  <system-out/>
</testsuite> <!-- testNG.May3 -->
