<?xml version="1.0" encoding="UTF-8"?>
<!-- Generated by org.testng.reporters.JUnitReportReporter -->
<testsuite hostname="ATUL" failures="0" tests="1" name="testNG.TestNG02" time="0.021" errors="0" timestamp="2024-04-15T20:00:12 IST" skipped="0">
  <testcase classname="testNG.TestNG02" name="f" time="0.021"/>
  <system-out/>
</testsuite> <!-- testNG.TestNG02 -->
