<?xml version="1.0" encoding="UTF-8"?>
<!-- Generated by org.testng.reporters.JUnitReportReporter -->
<testsuite hostname="ATUL" failures="0" tests="1" name="testNG.TestNGapril14" time="10.791" errors="0" timestamp="2024-04-23T14:39:45 IST" skipped="0">
  <testcase classname="testNG.TestNGapril14" name="f" time="10.791"/>
  <system-out/>
</testsuite> <!-- testNG.TestNGapril14 -->
